#
# There is insufficient memory for the Java Runtime Environment to continue.
# Native memory allocation (malloc) failed to allocate 3080016 bytes for Chunk::new
# Possible reasons:
#   The system is out of physical RAM or swap space
#   The process is running with CompressedOops enabled, and the Java Heap may be blocking the growth of the native heap
# Possible solutions:
#   Reduce memory load on the system
#   Increase physical memory or swap space
#   Check if swap backing store is full
#   Decrease Java heap size (-Xmx/-Xms)
#   Decrease number of Java threads
#   Decrease Java thread stack sizes (-Xss)
#   Set larger code cache with -XX:ReservedCodeCacheSize=
#   JVM is running with Unscaled Compressed Oops mode in which the Java heap is
#     placed in the first 4GB address space. The Java Heap base address is the
#     maximum limit for the native heap growth. Please use -XX:HeapBaseMinAddress
#     to set the Java Heap base and to place the Java Heap above 4GB virtual address.
# This output file may be truncated or incomplete.
#
#  Out of Memory Error (allocation.cpp:389), pid=19408, tid=0x0000000000005e88
#
# JRE version: OpenJDK Runtime Environment (8.0_202-b03) (build 1.8.0_202-release-1483-b03)
# Java VM: OpenJDK 64-Bit Server VM (25.202-b03 mixed mode windows-amd64 compressed oops)
# Failed to write core dump. Minidumps are not enabled by default on client versions of Windows
#

---------------  T H R E A D  ---------------

Current thread (0x0000000019045800):  JavaThread "C2 CompilerThread2" daemon [_thread_in_native, id=24200, stack(0x00000000199a0000,0x0000000019aa0000)]

Stack: [0x00000000199a0000,0x0000000019aa0000]
[error occurred during error reporting (printing stack bounds), id 0xc0000005]

Native frames: (J=compiled Java code, j=interpreted, Vv=VM code, C=native code)


Current CompileTask:
C2:8563496 25659   !   4       com.android.tools.r8.dex.c::b (2274 bytes)


---------------  P R O C E S S  ---------------

Java Threads: ( => current thread )
  0x000000001924f800 JavaThread "WorkerExecutor Queue Thread 8" [_thread_in_vm, id=21176, stack(0x000000002af90000,0x000000002b090000)]
  0x00000000223bf000 JavaThread "WorkerExecutor Queue Thread 7" [_thread_blocked, id=11252, stack(0x000000002b1f0000,0x000000002b2f0000)]
  0x00000000223c0800 JavaThread "WorkerExecutor Queue Thread 6" [_thread_blocked, id=23348, stack(0x000000002ad10000,0x000000002ae10000)]
  0x00000000223bd800 JavaThread "WorkerExecutor Queue Thread 5" [_thread_blocked, id=11200, stack(0x000000002ac10000,0x000000002ad10000)]
  0x00000000223bb800 JavaThread "WorkerExecutor Queue Thread 4" [_thread_blocked, id=11568, stack(0x000000002aa00000,0x000000002ab00000)]
  0x00000000223b4800 JavaThread "WorkerExecutor Queue Thread 3" [_thread_blocked, id=12496, stack(0x000000002ab10000,0x000000002ac10000)]
  0x00000000223b7000 JavaThread "Cache worker for Java compile cache (C:\Users\87776\Desktop\Demo1\.gradle\5.4.1\javaCompile)" [_thread_blocked, id=1072, stack(0x000000002a100000,0x000000002a200000)]
  0x00000000223ba000 JavaThread "Cache worker for Java compile cache (C:\Users\87776\.gradle\wrapper\dists\gradle-5.1.1-all\caches\5.4.1\javaCompile)" [_thread_blocked, id=17144, stack(0x000000002a000000,0x000000002a100000)]
  0x000000002245c800 JavaThread "stdout" [_thread_in_native, id=12228, stack(0x0000000029d00000,0x0000000029e00000)]
  0x000000002245b800 JavaThread "stderr" [_thread_in_native, id=17000, stack(0x0000000029c00000,0x0000000029d00000)]
  0x0000000022460000 JavaThread "pool-27-thread-1" [_thread_blocked, id=21144, stack(0x0000000029b00000,0x0000000029c00000)]
  0x0000000022462800 JavaThread "WorkerExecutor Queue Thread 2" [_thread_blocked, id=9440, stack(0x0000000029a00000,0x0000000029b00000)]
  0x0000000022461000 JavaThread "WorkerExecutor Queue" [_thread_blocked, id=5140, stack(0x0000000029780000,0x0000000029880000)]
  0x0000000022461800 JavaThread "Cache worker for execution history cache (C:\Users\87776\Desktop\Demo1\.gradle\5.4.1\executionHistory)" [_thread_blocked, id=22000, stack(0x0000000029900000,0x0000000029a00000)]
  0x0000000022458800 JavaThread "Execution worker for ':' Thread 7" [_thread_blocked, id=18288, stack(0x0000000029480000,0x0000000029580000)]
  0x000000002245f800 JavaThread "Execution worker for ':' Thread 6" [_thread_blocked, id=13708, stack(0x0000000029380000,0x0000000029480000)]
  0x0000000022458000 JavaThread "Execution worker for ':' Thread 5" [_thread_blocked, id=876, stack(0x0000000029280000,0x0000000029380000)]
  0x000000002245e800 JavaThread "Execution worker for ':' Thread 4" [_thread_blocked, id=1164, stack(0x0000000029180000,0x0000000029280000)]
  0x0000000022457000 JavaThread "Execution worker for ':' Thread 3" [_thread_blocked, id=21536, stack(0x0000000029080000,0x0000000029180000)]
  0x000000002245e000 JavaThread "Execution worker for ':' Thread 2" [_thread_blocked, id=2168, stack(0x0000000028f80000,0x0000000029080000)]
  0x000000002245b000 JavaThread "Execution worker for ':'" [_thread_blocked, id=9012, stack(0x0000000028e80000,0x0000000028f80000)]
  0x000000002245a000 JavaThread "Cache worker for file content cache (C:\Users\87776\Desktop\Demo1\.gradle\5.4.1\fileContent)" [_thread_blocked, id=15896, stack(0x0000000028b80000,0x0000000028c80000)]
  0x000000002245d000 JavaThread "Cache worker for Build Output Cleanup Cache (C:\Users\87776\Desktop\Demo1\.gradle\buildOutputCleanup)" [_thread_blocked, id=9468, stack(0x0000000028880000,0x0000000028980000)]
  0x0000000022459800 JavaThread "pool-26-thread-1" [_thread_blocked, id=3576, stack(0x0000000028780000,0x0000000028880000)]
  0x00000000248b7800 JavaThread "Build operations Thread 8" [_thread_blocked, id=23760, stack(0x00000000272d0000,0x00000000273d0000)]
  0x00000000248b7000 JavaThread "Build operations Thread 7" [_thread_blocked, id=16688, stack(0x0000000026690000,0x0000000026790000)]
  0x00000000248b8800 JavaThread "Build operations Thread 6" [_thread_blocked, id=22688, stack(0x0000000026190000,0x0000000026290000)]
  0x00000000248ba800 JavaThread "Build operations Thread 5" [_thread_blocked, id=12812, stack(0x0000000025e90000,0x0000000025f90000)]
  0x00000000248ba000 JavaThread "Build operations Thread 4" [_thread_blocked, id=20036, stack(0x0000000025d90000,0x0000000025e90000)]
  0x00000000248b9000 JavaThread "Build operations Thread 3" [_thread_blocked, id=16152, stack(0x0000000025c90000,0x0000000025d90000)]
  0x00000000248af800 JavaThread "Build operations Thread 2" [_thread_blocked, id=24212, stack(0x0000000024af0000,0x0000000024bf0000)]
  0x00000000248b5800 JavaThread "Build operations" [_thread_blocked, id=4952, stack(0x00000000239e0000,0x0000000023ae0000)]
  0x00000000248b6000 JavaThread "Cache worker for cache directory md-rule (C:\Users\87776\.gradle\wrapper\dists\gradle-5.1.1-all\caches\5.4.1\md-rule)" [_thread_blocked, id=11172, stack(0x00000000238e0000,0x00000000239e0000)]
  0x00000000248ae000 JavaThread "Cache worker for cache directory md-supplier (C:\Users\87776\.gradle\wrapper\dists\gradle-5.1.1-all\caches\5.4.1\md-supplier)" [_thread_blocked, id=9052, stack(0x00000000237e0000,0x00000000238e0000)]
  0x00000000248b4800 JavaThread "Cache worker for file hash cache (C:\Users\87776\Desktop\Demo1\.gradle\5.4.1\fileHashes)" [_thread_blocked, id=20240, stack(0x0000000023090000,0x0000000023190000)]
  0x00000000248b3000 JavaThread "Thread-405" [_thread_blocked, id=19656, stack(0x00000000215e0000,0x00000000216e0000)]
  0x00000000248b2800 JavaThread "Stdin handler" [_thread_blocked, id=4772, stack(0x00000000214e0000,0x00000000215e0000)]
  0x00000000248ab800 JavaThread "Asynchronous log dispatcher for DefaultDaemonConnection: socket connection from /127.0.0.1:56226 to /127.0.0.1:61713" [_thread_blocked, id=23056, stack(0x0000000021140000,0x0000000021240000)]
  0x00000000248b1000 JavaThread "Daemon worker Thread 9" [_thread_blocked, id=8608, stack(0x000000001d6d0000,0x000000001d7d0000)]
  0x00000000248ae800 JavaThread "Cancel handler" [_thread_blocked, id=10596, stack(0x000000001d5d0000,0x000000001d6d0000)]
  0x00000000248b0000 JavaThread "Handler for socket connection from /127.0.0.1:56226 to /127.0.0.1:61713" [_thread_in_native, id=24756, stack(0x000000001d4d0000,0x000000001d5d0000)]
  0x00000000248ad000 JavaThread "Daemon Thread 9" [_thread_blocked, id=9896, stack(0x00000000011f0000,0x00000000012f0000)]
  0x000000001eb92800 JavaThread "MarlinRenderer Disposer" daemon [_thread_blocked, id=9048, stack(0x000000002a300000,0x000000002a400000)]
  0x0000000019044000 JavaThread "Java2D Disposer" daemon [_thread_blocked, id=22404, stack(0x000000002a200000,0x000000002a300000)]
  0x000000001eb8a800 JavaThread "Cache worker for file content cache (C:\Users\87776\.gradle\wrapper\dists\gradle-5.1.1-all\caches\5.4.1\fileContent)" [_thread_blocked, id=3804, stack(0x0000000027d90000,0x0000000027e90000)]
  0x000000001925e000 JavaThread "Memory manager" [_thread_blocked, id=15572, stack(0x0000000026790000,0x0000000026890000)]
  0x0000000019251000 JavaThread "Cache worker for execution history cache (C:\Users\87776\.gradle\wrapper\dists\gradle-5.1.1-all\caches\5.4.1\executionHistory)" [_thread_blocked, id=13788, stack(0x0000000022d90000,0x0000000022e90000)]
  0x0000000019043000 JavaThread "Cache worker for journal cache (C:\Users\87776\.gradle\wrapper\dists\gradle-5.1.1-all\caches\journal-1)" [_thread_blocked, id=19856, stack(0x000000001ded0000,0x000000001dfd0000)]
  0x000000001904a000 JavaThread "File lock request listener" [_thread_in_native, id=25260, stack(0x000000001ddd0000,0x000000001ded0000)]
  0x0000000019ea9800 JavaThread "Cache worker for file hash cache (C:\Users\87776\.gradle\wrapper\dists\gradle-5.1.1-all\caches\5.4.1\fileHashes)" [_thread_blocked, id=19044, stack(0x000000001dad0000,0x000000001dbd0000)]
  0x0000000019360800 JavaThread "Daemon periodic checks" [_thread_blocked, id=20572, stack(0x000000001cfd0000,0x000000001d0d0000)]
  0x0000000019153000 JavaThread "Incoming local TCP Connector on port 56226" [_thread_in_native, id=20116, stack(0x000000001ce20000,0x000000001cf20000)]
  0x000000001b151000 JavaThread "Daemon health stats" [_thread_blocked, id=11788, stack(0x000000001cb00000,0x000000001cc00000)]
  0x00000000190de800 JavaThread "Service Thread" daemon [_thread_blocked, id=18492, stack(0x0000000019ba0000,0x0000000019ca0000)]
  0x0000000019048800 JavaThread "C1 CompilerThread3" daemon [_thread_blocked, id=22224, stack(0x0000000019aa0000,0x0000000019ba0000)]
=>0x0000000019045800 JavaThread "C2 CompilerThread2" daemon [_thread_in_native, id=24200, stack(0x00000000199a0000,0x0000000019aa0000)]
  0x000000001903f000 JavaThread "C2 CompilerThread1" daemon [_thread_blocked, id=15836, stack(0x00000000198a0000,0x00000000199a0000)]
  0x0000000019030000 JavaThread "C2 CompilerThread0" daemon [_thread_blocked, id=14900, stack(0x00000000197a0000,0x00000000198a0000)]
  0x000000001902d800 JavaThread "Attach Listener" daemon [_thread_blocked, id=15160, stack(0x00000000196a0000,0x00000000197a0000)]
  0x0000000018fd8800 JavaThread "Signal Dispatcher" daemon [_thread_blocked, id=15456, stack(0x00000000195a0000,0x00000000196a0000)]
  0x0000000018fc0800 JavaThread "Finalizer" daemon [_thread_blocked, id=20728, stack(0x00000000194a0000,0x00000000195a0000)]
  0x000000001719c800 JavaThread "Reference Handler" daemon [_thread_blocked, id=16456, stack(0x00000000193a0000,0x00000000194a0000)]
  0x0000000003232800 JavaThread "main" [_thread_blocked, id=24496, stack(0x0000000002dc0000,0x0000000002ec0000)]

Other Threads:
  0x0000000017197000 VMThread [stack: 0x0000000018ea0000,0x0000000018fa0000] [id=24540]
  0x00000000190df800 WatcherThread [stack: 0x0000000019ca0000,0x0000000019da0000] [id=22416]

VM state:not at safepoint (normal execution)

VM Mutex/Monitor currently owned by a thread: None

heap address: 0x00000000a0000000, size: 1536 MB, Compressed Oops mode: 32-bit
Narrow klass base: 0x0000000000000000, Narrow klass shift: 3
Compressed class space size: 1073741824 Address: 0x0000000100000000

Heap:
 PSYoungGen      total 311808K, used 68307K [0x00000000e0000000, 0x00000000f6b80000, 0x0000000100000000)
  eden space 284672K, 14% used [0x00000000e0000000,0x00000000e283c388,0x00000000f1600000)
  from space 27136K, 99% used [0x00000000f1600000,0x00000000f3078aa8,0x00000000f3080000)
  to   space 33792K, 0% used [0x00000000f4a80000,0x00000000f4a80000,0x00000000f6b80000)
 ParOldGen       total 170496K, used 52070K [0x00000000a0000000, 0x00000000aa680000, 0x00000000e0000000)
  object space 170496K, 30% used [0x00000000a0000000,0x00000000a32d9ad8,0x00000000aa680000)
 Metaspace       used 99226K, capacity 103886K, committed 106456K, reserved 1142784K
  class space    used 12383K, capacity 13237K, committed 13824K, reserved 1048576K

Card table byte_map: [0x00000000127a0000,0x0000000012ab0000] byte_map_base: 0x00000000122a0000

Marking Bits: (ParMarkBitMap*) 0x0000000052db9f30
 Begin Bits: [0x00000000134b0000, 0x0000000014cb0000)
 End Bits:   [0x0000000014cb0000, 0x00000000164b0000)

Polling page: 0x0000000001010000

CodeCache: size=245760Kb used=72536Kb max_used=74135Kb free=173224Kb
 bounds [0x00000000033e0000, 0x0000000007cf0000, 0x00000000123e0000]
 total_blobs=20998 nmethods=19999 adapters=908
 compilation: enabled

Compilation events (10 events):
Event: 8563.408 Thread 0x0000000019048800 25945       3       java.util.TreeMap::lowerKey (9 bytes)
Event: 8563.409 Thread 0x0000000019048800 nmethod 25945 0x00000000062eca50 code [0x00000000062ecbc0, 0x00000000062ece88]
Event: 8563.409 Thread 0x0000000019048800 25948       3       com.android.tools.build.apkzlib.zip.FileUseMap::internalRemove (32 bytes)
Event: 8563.410 Thread 0x0000000019048800 nmethod 25948 0x0000000006396c10 code [0x0000000006396e00, 0x00000000063975c8]
Event: 8563.413 Thread 0x0000000019048800 25947       3       com.android.tools.build.apkzlib.zip.FileUseMap::coalesce (178 bytes)
Event: 8563.418 Thread 0x0000000019048800 nmethod 25947 0x0000000007728d50 code [0x00000000077292a0, 0x000000000772c4a8]
Event: 8563.423 Thread 0x000000001903f000 25965       4       java.util.jar.JavaUtilJarAccessImpl::getTrustedAttributes (6 bytes)
Event: 8563.424 Thread 0x0000000019048800 25946       1       com.android.tools.build.apkzlib.zip.StoredEntry::getLocalExtra (5 bytes)
Event: 8563.425 Thread 0x0000000019048800 nmethod 25946 0x00000000051521d0 code [0x0000000005152320, 0x0000000005152430]
Event: 8563.439 Thread 0x000000001903f000 nmethod 25965 0x0000000006ebc710 code [0x0000000006ebc8a0, 0x0000000006ebcea8]

GC Heap History (10 events):
Event: 8440.014 GC heap before
{Heap before GC invocations=45 (full 4):
 PSYoungGen      total 270848K, used 259560K [0x00000000e0000000, 0x00000000f2a80000, 0x0000000100000000)
  eden space 241152K, 100% used [0x00000000e0000000,0x00000000eeb80000,0x00000000eeb80000)
  from space 29696K, 61% used [0x00000000f0880000,0x00000000f1a7a150,0x00000000f2580000)
  to   space 29696K, 0% used [0x00000000eeb80000,0x00000000eeb80000,0x00000000f0880000)
 ParOldGen       total 170496K, used 43313K [0x00000000a0000000, 0x00000000aa680000, 0x00000000e0000000)
  object space 170496K, 25% used [0x00000000a0000000,0x00000000a2a4c7d8,0x00000000aa680000)
 Metaspace       used 91265K, capacity 95552K, committed 98752K, reserved 1134592K
  class space    used 11446K, capacity 12198K, committed 12928K, reserved 1048576K
Event: 8440.034 GC heap after
Heap after GC invocations=45 (full 4):
 PSYoungGen      total 270848K, used 14366K [0x00000000e0000000, 0x00000000f3b00000, 0x0000000100000000)
  eden space 241152K, 0% used [0x00000000e0000000,0x00000000e0000000,0x00000000eeb80000)
  from space 29696K, 48% used [0x00000000eeb80000,0x00000000ef987880,0x00000000f0880000)
  to   space 28160K, 0% used [0x00000000f1f80000,0x00000000f1f80000,0x00000000f3b00000)
 ParOldGen       total 170496K, used 43321K [0x00000000a0000000, 0x00000000aa680000, 0x00000000e0000000)
  object space 170496K, 25% used [0x00000000a0000000,0x00000000a2a4e7d8,0x00000000aa680000)
 Metaspace       used 91265K, capacity 95552K, committed 98752K, reserved 1134592K
  class space    used 11446K, capacity 12198K, committed 12928K, reserved 1048576K
}
Event: 8441.661 GC heap before
{Heap before GC invocations=46 (full 4):
 PSYoungGen      total 270848K, used 255518K [0x00000000e0000000, 0x00000000f3b00000, 0x0000000100000000)
  eden space 241152K, 100% used [0x00000000e0000000,0x00000000eeb80000,0x00000000eeb80000)
  from space 29696K, 48% used [0x00000000eeb80000,0x00000000ef987880,0x00000000f0880000)
  to   space 28160K, 0% used [0x00000000f1f80000,0x00000000f1f80000,0x00000000f3b00000)
 ParOldGen       total 170496K, used 43321K [0x00000000a0000000, 0x00000000aa680000, 0x00000000e0000000)
  object space 170496K, 25% used [0x00000000a0000000,0x00000000a2a4e7d8,0x00000000aa680000)
 Metaspace       used 91269K, capacity 95552K, committed 98752K, reserved 1134592K
  class space    used 11446K, capacity 12198K, committed 12928K, reserved 1048576K
Event: 8441.681 GC heap after
Heap after GC invocations=46 (full 4):
 PSYoungGen      total 289280K, used 14993K [0x00000000e0000000, 0x00000000f3780000, 0x0000000100000000)
  eden space 264704K, 0% used [0x00000000e0000000,0x00000000e0000000,0x00000000f0280000)
  from space 24576K, 61% used [0x00000000f1f80000,0x00000000f2e246a0,0x00000000f3780000)
  to   space 27136K, 0% used [0x00000000f0280000,0x00000000f0280000,0x00000000f1d00000)
 ParOldGen       total 170496K, used 43321K [0x00000000a0000000, 0x00000000aa680000, 0x00000000e0000000)
  object space 170496K, 25% used [0x00000000a0000000,0x00000000a2a4e7d8,0x00000000aa680000)
 Metaspace       used 91269K, capacity 95552K, committed 98752K, reserved 1134592K
  class space    used 11446K, capacity 12198K, committed 12928K, reserved 1048576K
}
Event: 8552.678 GC heap before
{Heap before GC invocations=47 (full 4):
 PSYoungGen      total 289280K, used 279697K [0x00000000e0000000, 0x00000000f3780000, 0x0000000100000000)
  eden space 264704K, 100% used [0x00000000e0000000,0x00000000f0280000,0x00000000f0280000)
  from space 24576K, 61% used [0x00000000f1f80000,0x00000000f2e246a0,0x00000000f3780000)
  to   space 27136K, 0% used [0x00000000f0280000,0x00000000f0280000,0x00000000f1d00000)
 ParOldGen       total 170496K, used 43321K [0x00000000a0000000, 0x00000000aa680000, 0x00000000e0000000)
  object space 170496K, 25% used [0x00000000a0000000,0x00000000a2a4e7d8,0x00000000aa680000)
 Metaspace       used 91829K, capacity 96216K, committed 99288K, reserved 1136640K
  class space    used 11499K, capacity 12266K, committed 13056K, reserved 1048576K
Event: 8552.689 GC heap after
Heap after GC invocations=47 (full 4):
 PSYoungGen      total 291840K, used 8248K [0x00000000e0000000, 0x00000000f4c80000, 0x0000000100000000)
  eden space 264704K, 0% used [0x00000000e0000000,0x00000000e0000000,0x00000000f0280000)
  from space 27136K, 30% used [0x00000000f0280000,0x00000000f0a8e2c8,0x00000000f1d00000)
  to   space 27136K, 0% used [0x00000000f3200000,0x00000000f3200000,0x00000000f4c80000)
 ParOldGen       total 170496K, used 43329K [0x00000000a0000000, 0x00000000aa680000, 0x00000000e0000000)
  object space 170496K, 25% used [0x00000000a0000000,0x00000000a2a507d8,0x00000000aa680000)
 Metaspace       used 91829K, capacity 96216K, committed 99288K, reserved 1136640K
  class space    used 11499K, capacity 12266K, committed 13056K, reserved 1048576K
}
Event: 8557.153 GC heap before
{Heap before GC invocations=48 (full 4):
 PSYoungGen      total 291840K, used 272952K [0x00000000e0000000, 0x00000000f4c80000, 0x0000000100000000)
  eden space 264704K, 100% used [0x00000000e0000000,0x00000000f0280000,0x00000000f0280000)
  from space 27136K, 30% used [0x00000000f0280000,0x00000000f0a8e2c8,0x00000000f1d00000)
  to   space 27136K, 0% used [0x00000000f3200000,0x00000000f3200000,0x00000000f4c80000)
 ParOldGen       total 170496K, used 43329K [0x00000000a0000000, 0x00000000aa680000, 0x00000000e0000000)
  object space 170496K, 25% used [0x00000000a0000000,0x00000000a2a507d8,0x00000000aa680000)
 Metaspace       used 97558K, capacity 102060K, committed 105048K, reserved 1140736K
  class space    used 12162K, capacity 12980K, committed 13696K, reserved 1048576K
Event: 8557.181 GC heap after
Heap after GC invocations=48 (full 4):
 PSYoungGen      total 310272K, used 17668K [0x00000000e0000000, 0x00000000f4b00000, 0x0000000100000000)
  eden space 284672K, 0% used [0x00000000e0000000,0x00000000e0000000,0x00000000f1600000)
  from space 25600K, 69% used [0x00000000f3200000,0x00000000f4341170,0x00000000f4b00000)
  to   space 27136K, 0% used [0x00000000f1600000,0x00000000f1600000,0x00000000f3080000)
 ParOldGen       total 170496K, used 43337K [0x00000000a0000000, 0x00000000aa680000, 0x00000000e0000000)
  object space 170496K, 25% used [0x00000000a0000000,0x00000000a2a527d8,0x00000000aa680000)
 Metaspace       used 97558K, capacity 102060K, committed 105048K, reserved 1140736K
  class space    used 12162K, capacity 12980K, committed 13696K, reserved 1048576K
}
Event: 8562.539 GC heap before
{Heap before GC invocations=49 (full 4):
 PSYoungGen      total 310272K, used 302340K [0x00000000e0000000, 0x00000000f4b00000, 0x0000000100000000)
  eden space 284672K, 100% used [0x00000000e0000000,0x00000000f1600000,0x00000000f1600000)
  from space 25600K, 69% used [0x00000000f3200000,0x00000000f4341170,0x00000000f4b00000)
  to   space 27136K, 0% used [0x00000000f1600000,0x00000000f1600000,0x00000000f3080000)
 ParOldGen       total 170496K, used 43337K [0x00000000a0000000, 0x00000000aa680000, 0x00000000e0000000)
  object space 170496K, 25% used [0x00000000a0000000,0x00000000a2a527d8,0x00000000aa680000)
 Metaspace       used 98380K, capacity 103008K, committed 105688K, reserved 1140736K
  class space    used 12255K, capacity 13116K, committed 13824K, reserved 1048576K
Event: 8562.578 GC heap after
Heap after GC invocations=49 (full 4):
 PSYoungGen      total 311808K, used 27106K [0x00000000e0000000, 0x00000000f6b80000, 0x0000000100000000)
  eden space 284672K, 0% used [0x00000000e0000000,0x00000000e0000000,0x00000000f1600000)
  from space 27136K, 99% used [0x00000000f1600000,0x00000000f3078aa8,0x00000000f3080000)
  to   space 33792K, 0% used [0x00000000f4a80000,0x00000000f4a80000,0x00000000f6b80000)
 ParOldGen       total 170496K, used 52070K [0x00000000a0000000, 0x00000000aa680000, 0x00000000e0000000)
  object space 170496K, 30% used [0x00000000a0000000,0x00000000a32d9ad8,0x00000000aa680000)
 Metaspace       used 98380K, capacity 103008K, committed 105688K, reserved 1140736K
  class space    used 12255K, capacity 13116K, committed 13824K, reserved 1048576K
}

Deoptimization events (10 events):
Event: 8563.143 Thread 0x000000001924f800 Uncommon trap: reason=bimorphic action=maybe_recompile pc=0x00000000075e79d0 method=com.google.common.collect.TransformedIterator.next()Ljava/lang/Object; @ 10
Event: 8563.143 Thread 0x000000001924f800 Uncommon trap: reason=bimorphic action=maybe_recompile pc=0x00000000075e79d0 method=com.google.common.collect.TransformedIterator.next()Ljava/lang/Object; @ 10
Event: 8563.146 Thread 0x0000000019257800 Uncommon trap: reason=class_check action=maybe_recompile pc=0x0000000005965840 method=java.util.concurrent.ThreadPoolExecutor.getTask()Ljava/lang/Runnable; @ 134
Event: 8563.355 Thread 0x0000000019257800 Uncommon trap: reason=class_check action=maybe_recompile pc=0x0000000005965840 method=java.util.concurrent.ThreadPoolExecutor.getTask()Ljava/lang/Runnable; @ 134
Event: 8563.370 Thread 0x0000000019257800 Uncommon trap: reason=class_check action=maybe_recompile pc=0x0000000005965840 method=java.util.concurrent.ThreadPoolExecutor.getTask()Ljava/lang/Runnable; @ 134
Event: 8563.376 Thread 0x000000001924f800 Uncommon trap: reason=class_check action=maybe_recompile pc=0x00000000077634a8 method=com.android.tools.build.apkzlib.zip.ExtraField.size()I @ 27
Event: 8563.377 Thread 0x000000001924f800 Uncommon trap: reason=class_check action=maybe_recompile pc=0x00000000077634a8 method=com.android.tools.build.apkzlib.zip.ExtraField.size()I @ 27
Event: 8563.377 Thread 0x000000001924f800 Uncommon trap: reason=class_check action=maybe_recompile pc=0x00000000077634a8 method=com.android.tools.build.apkzlib.zip.ExtraField.size()I @ 27
Event: 8563.377 Thread 0x000000001924f800 Uncommon trap: reason=class_check action=maybe_recompile pc=0x00000000077634a8 method=com.android.tools.build.apkzlib.zip.ExtraField.size()I @ 27
Event: 8563.490 Thread 0x000000001924f800 Uncommon trap: reason=unstable_if action=reinterpret pc=0x00000000045cc5bc method=java.nio.Bits.getInt(Ljava/nio/ByteBuffer;IZ)I @ 1

Classes redefined (0 events):
No events

Internal exceptions (10 events):
Event: 8559.237 Thread 0x00000000223c0800 Exception <a 'sun/nio/fs/WindowsException'> (0x00000000e61b2270) thrown at [D:\src\AOSP-openjdk-cygwin\jdk8u\hotspot\src\share\vm\prims\jni.cpp, line 710]
Event: 8559.710 Thread 0x00000000223bd000 Implicit null exception at 0x0000000003dbe52f to 0x0000000003dbe621
Event: 8560.966 Thread 0x000000001924f800 Exception <a 'sun/nio/fs/WindowsException'> (0x00000000eb93f480) thrown at [D:\src\AOSP-openjdk-cygwin\jdk8u\hotspot\src\share\vm\prims\jni.cpp, line 710]
Event: 8561.181 Thread 0x00000000223bf000 Exception <a 'sun/nio/fs/WindowsException'> (0x00000000ebde22e0) thrown at [D:\src\AOSP-openjdk-cygwin\jdk8u\hotspot\src\share\vm\prims\jni.cpp, line 710]
Event: 8562.115 Thread 0x0000000019252800 Implicit null exception at 0x0000000007540768 to 0x0000000007544045
Event: 8562.685 Thread 0x0000000019252800 Exception <a 'sun/nio/fs/WindowsException'> (0x00000000e0273628) thrown at [D:\src\AOSP-openjdk-cygwin\jdk8u\hotspot\src\share\vm\prims\jni.cpp, line 710]
Event: 8562.878 Thread 0x0000000022458000 Exception <a 'java/lang/NoSuchMethodError': <clinit>> (0x00000000e06d9238) thrown at [D:\src\AOSP-openjdk-cygwin\jdk8u\hotspot\src\share\vm\prims\jni.cpp, line 1614]
Event: 8562.878 Thread 0x0000000022458000 Exception <a 'java/lang/NoSuchMethodError': <clinit>> (0x00000000e06dce48) thrown at [D:\src\AOSP-openjdk-cygwin\jdk8u\hotspot\src\share\vm\prims\jni.cpp, line 1614]
Event: 8562.880 Thread 0x0000000022458000 Exception <a 'java/lang/NoSuchMethodError': <clinit>> (0x00000000e06ecdf0) thrown at [D:\src\AOSP-openjdk-cygwin\jdk8u\hotspot\src\share\vm\prims\jni.cpp, line 1614]
Event: 8563.074 Thread 0x000000001924f800 Exception <a 'java/lang/NoSuchMethodError': java.lang.Object.lambda$static$0(Lcom/android/apksig/util/RunnablesProvider;)V> (0x00000000e0d2beb8) thrown at [D:\src\AOSP-openjdk-cygwin\jdk8u\hotspot\src\share\vm\interpreter\linkResolver.cpp, line 620]

Events (10 events):
Event: 8563.487 loading class com/android/apksig/internal/asn1/ber/BerEncoding done
Event: 8563.488 loading class com/android/apksig/internal/asn1/ber/BerDataValue
Event: 8563.488 loading class com/android/apksig/internal/asn1/ber/BerDataValue done
Event: 8563.489 loading class com/android/apksig/internal/asn1/Asn1Class
Event: 8563.489 loading class com/android/apksig/internal/asn1/Asn1Class done
Event: 8563.489 loading class com/android/apksig/internal/asn1/Asn1Type
Event: 8563.489 loading class com/android/apksig/internal/asn1/Asn1Type done
Event: 8563.490 Thread 0x000000001924f800 Uncommon trap: trap_request=0xffffff65 fr.pc=0x00000000045cc5bc
Event: 8563.490 Thread 0x000000001924f800 DEOPT PACKING pc=0x00000000045cc5bc sp=0x000000002b08ce90
Event: 8563.490 Thread 0x000000001924f800 DEOPT UNPACKING pc=0x000000000342557b sp=0x000000002b08cde0 mode 2


Dynamic libraries:
0x00007ff6a03f0000 - 0x00007ff6a0421000 	C:\Program Files\Android\Android Studio\jre\bin\java.exe
0x00007ffdea560000 - 0x00007ffdea750000 	C:\WINDOWS\SYSTEM32\ntdll.dll
0x00007ffde87a0000 - 0x00007ffde8852000 	C:\WINDOWS\System32\KERNEL32.DLL
0x00007ffde8340000 - 0x00007ffde85e5000 	C:\WINDOWS\System32\KERNELBASE.dll
0x00007ffde88a0000 - 0x00007ffde8943000 	C:\WINDOWS\System32\ADVAPI32.dll
0x00007ffde9890000 - 0x00007ffde992e000 	C:\WINDOWS\System32\msvcrt.dll
0x00007ffde97f0000 - 0x00007ffde9887000 	C:\WINDOWS\System32\sechost.dll
0x00007ffde9c70000 - 0x00007ffde9d90000 	C:\WINDOWS\System32\RPCRT4.dll
0x00007ffde89f0000 - 0x00007ffde8b84000 	C:\WINDOWS\System32\USER32.dll
0x00007ffde7e10000 - 0x00007ffde7e31000 	C:\WINDOWS\System32\win32u.dll
0x00007ffde89c0000 - 0x00007ffde89e6000 	C:\WINDOWS\System32\GDI32.dll
0x00007ffde7c70000 - 0x00007ffde7e06000 	C:\WINDOWS\System32\gdi32full.dll
0x00007ffde7f40000 - 0x00007ffde7fde000 	C:\WINDOWS\System32\msvcp_win.dll
0x00007ffde81e0000 - 0x00007ffde82da000 	C:\WINDOWS\System32\ucrtbase.dll
0x00007ffde6900000 - 0x00007ffde6b84000 	C:\WINDOWS\WinSxS\amd64_microsoft.windows.common-controls_6595b64144ccf1df_6.0.18362.1198_none_9e820b57e45ad92f\COMCTL32.dll
0x00007ffde9930000 - 0x00007ffde9c65000 	C:\WINDOWS\System32\combase.dll
0x00007ffde7e40000 - 0x00007ffde7ec0000 	C:\WINDOWS\System32\bcryptPrimitives.dll
0x00007ffde8870000 - 0x00007ffde889e000 	C:\WINDOWS\System32\IMM32.DLL
0x0000000052510000 - 0x00000000525e2000 	C:\Program Files\Android\Android Studio\jre\jre\bin\msvcr100.dll
0x00000000525f0000 - 0x0000000052e36000 	C:\Program Files\Android\Android Studio\jre\jre\bin\server\jvm.dll
0x00007ffdea380000 - 0x00007ffdea388000 	C:\WINDOWS\System32\PSAPI.DLL
0x00007ffde1640000 - 0x00007ffde1664000 	C:\WINDOWS\SYSTEM32\WINMM.dll
0x00007ffddede0000 - 0x00007ffddedea000 	C:\WINDOWS\SYSTEM32\VERSION.dll
0x00007ffdd0350000 - 0x00007ffdd0359000 	C:\WINDOWS\SYSTEM32\WSOCK32.dll
0x00007ffde9780000 - 0x00007ffde97ef000 	C:\WINDOWS\System32\WS2_32.dll
0x00007ffde15a0000 - 0x00007ffde15cd000 	C:\WINDOWS\SYSTEM32\winmmbase.dll
0x00007ffde7ef0000 - 0x00007ffde7f3a000 	C:\WINDOWS\System32\cfgmgr32.dll
0x00007ffddf4b0000 - 0x00007ffddf4bf000 	C:\Program Files\Android\Android Studio\jre\jre\bin\verify.dll
0x00007ffdd3f50000 - 0x00007ffdd3f79000 	C:\Program Files\Android\Android Studio\jre\jre\bin\java.dll
0x00007ffdd3f30000 - 0x00007ffdd3f46000 	C:\Program Files\Android\Android Studio\jre\jre\bin\zip.dll
0x00007ffde8b90000 - 0x00007ffde9277000 	C:\WINDOWS\System32\SHELL32.dll
0x00007ffde8690000 - 0x00007ffde8739000 	C:\WINDOWS\System32\shcore.dll
0x00007ffde74e0000 - 0x00007ffde7c61000 	C:\WINDOWS\System32\windows.storage.dll
0x00007ffde7490000 - 0x00007ffde74b3000 	C:\WINDOWS\System32\profapi.dll
0x00007ffde7420000 - 0x00007ffde746a000 	C:\WINDOWS\System32\powrprof.dll
0x00007ffde7410000 - 0x00007ffde7420000 	C:\WINDOWS\System32\UMPDC.dll
0x00007ffde8740000 - 0x00007ffde8792000 	C:\WINDOWS\System32\shlwapi.dll
0x00007ffde7470000 - 0x00007ffde7481000 	C:\WINDOWS\System32\kernel.appcore.dll
0x00007ffde85f0000 - 0x00007ffde8607000 	C:\WINDOWS\System32\cryptsp.dll
0x00007ffdd3e30000 - 0x00007ffdd3e4a000 	C:\Program Files\Android\Android Studio\jre\jre\bin\net.dll
0x000000001b570000 - 0x000000001c9ba000 	C:\WINDOWS\system32\networkdlllspx64.dll
0x00007ffdea1e0000 - 0x00007ffdea2a5000 	C:\WINDOWS\System32\oleaut32.dll
0x00007ffde71c0000 - 0x00007ffde71f1000 	C:\WINDOWS\SYSTEM32\ntmarta.dll
0x00007ffde65a0000 - 0x00007ffde6607000 	C:\WINDOWS\system32\mswsock.dll
0x00007ffdd69f0000 - 0x00007ffdd69fa000 	C:\WINDOWS\system32\wshqos.dll
0x00007ffdd69c0000 - 0x00007ffdd69c8000 	C:\WINDOWS\SYSTEM32\wshtcpip.DLL
0x00007ffdd69b0000 - 0x00007ffdd69b8000 	C:\WINDOWS\SYSTEM32\wship6.dll
0x00007ffdd3e10000 - 0x00007ffdd3e21000 	C:\Program Files\Android\Android Studio\jre\jre\bin\nio.dll
0x00007ffdd3de0000 - 0x00007ffdd3e06000 	C:\Users\87776\.gradle\wrapper\dists\gradle-5.1.1-all\native\29\windows-amd64\native-platform.dll
0x00007ffddf2e0000 - 0x00007ffddf2ed000 	C:\Program Files\Android\Android Studio\jre\jre\bin\management.dll
0x00007ffde60f0000 - 0x00007ffde6123000 	C:\WINDOWS\system32\rsaenh.dll
0x00007ffde7ec0000 - 0x00007ffde7ee6000 	C:\WINDOWS\System32\bcrypt.dll
0x00007ffde7330000 - 0x00007ffde7355000 	C:\WINDOWS\SYSTEM32\USERENV.dll
0x00007ffde67d0000 - 0x00007ffde67dc000 	C:\WINDOWS\SYSTEM32\CRYPTBASE.dll
0x00007ffde6280000 - 0x00007ffde62ba000 	C:\WINDOWS\SYSTEM32\IPHLPAPI.DLL
0x00007ffde8860000 - 0x00007ffde8868000 	C:\WINDOWS\System32\NSI.dll
0x00007ffde16c0000 - 0x00007ffde16d6000 	C:\WINDOWS\SYSTEM32\dhcpcsvc6.DLL
0x00007ffde16a0000 - 0x00007ffde16bc000 	C:\WINDOWS\SYSTEM32\dhcpcsvc.DLL
0x00007ffde62c0000 - 0x00007ffde638b000 	C:\WINDOWS\SYSTEM32\DNSAPI.dll
0x00007ffd8f3d0000 - 0x00007ffd8f56c000 	C:\Program Files\Android\Android Studio\jre\jre\bin\awt.dll
0x00007ffde4470000 - 0x00007ffde4a30000 	C:\WINDOWS\SYSTEM32\d2d1.dll
0x00007ffde5530000 - 0x00007ffde555d000 	C:\WINDOWS\SYSTEM32\dwmapi.dll
0x00007ffde2230000 - 0x00007ffde22bf000 	C:\WINDOWS\SYSTEM32\apphelp.dll
0x00007ffde4d70000 - 0x00007ffde4e09000 	C:\WINDOWS\system32\uxtheme.dll

VM Arguments:
jvm_args: -Xmx1536m -Dfile.encoding=GBK -Duser.country=CN -Duser.language=zh -Duser.variant 
java_command: org.gradle.launcher.daemon.bootstrap.GradleDaemon 5.4.1
java_class_path (initial): C:\Users\87776\.gradle\wrapper\dists\gradle-5.1.1-all\wrapper\dists\gradle-5.4.1-all\3221gyojl5jsh0helicew7rwx\gradle-5.4.1\lib\gradle-launcher-5.4.1.jar
Launcher Type: SUN_STANDARD

Environment Variables:
JAVA_HOME=D:\Java\jdk-12.0.2
CLASSPATH=D:\Java\jdk-12.0.2\lib\dt.jar;D:\Java\jdk-12.0.2\lib\tools.jar;
PATH=D:\O_data\product\12.2.0\dbhome_1\bin;D:\Oracle\bin;D:\Oracle\WINDOWS.X64_193000_db_home\bin;C:\Program Files (x86)\Common Files\Oracle\Java\javapath;C:\Program Files (x86)\Common Files\Intel\Shared Libraries\redist\intel64\compiler;F:\opencv\build\x64\vc15\bin;C:\WINDOWS\system32;C:\WINDOWS;C:\WINDOWS\system32\WBEM;C:\Program Files\Microsoft SQL Server\Client SDK\ODBC\170\Tools\Binn\;C:\Program Files (x86)\Microsoft SQL Server\150\Tools\Binn\;C:\Program Files\Microsoft SQL Server\150\Tools\Binn\;C:\Program Files\Microsoft SQL Server\150\DTS\Binn\;C:\Program Files (x86)\Microsoft SQL Server\150\DTS\Binn\;D:\Dev-Cpp\MinGW64\bin;C:\Windows\System32\WindowsPowerShell\v1.0;D:\maven\apache-maven-3.6.2\bin;C:\Program Files\MySQL\MySQL Shell 8.0\bin\;C:\Users\87776\AppData\Local\Programs\Python\Python37-32\Scripts\;C:\Users\87776\AppData\Local\Programs\Python\Python37-32\;C:\Users\87776\Anaconda3;C:\Users\87776\Anaconda3\Library\mingw-w64\bin;C:\Users\87776\Anaconda3\Library\usr\bin;C:\Users\87776\Anaconda3\Library\bin;C:\Users\87776\Anaconda3\Scripts;D:\Java\jdk-12.0.2\bin;E:\Microsoft VS Code\bin;F:\Fiddler;"C:\WINDOWS\system32;C:\WINDOWS;C:\WINDOWS\system32\WBEM";C:\Program Files\Bandizip\;
USERNAME=87776
OS=Windows_NT
PROCESSOR_IDENTIFIER=Intel64 Family 6 Model 142 Stepping 10, GenuineIntel



---------------  S Y S T E M  ---------------

OS: Windows 10.0 , 64 bit Build 18362 (10.0.18362.1110)

CPU:total 8 (initial active 8) (4 cores per cpu, 2 threads per core) family 6 model 142 stepping 10, cmov, cx8, fxsr, mmx, sse, sse2, sse3, ssse3, sse4.1, sse4.2, popcnt, avx, avx2, aes, clmul, erms, 3dnowpref, lzcnt, ht, tsc, tscinvbit, bmi1, bmi2, adx

Memory: 4k page, physical 8218476k(498404k free), swap 20040860k(7524k free)

vm_info: OpenJDK 64-Bit Server VM (25.202-b03) for windows-amd64 JRE (1.8.0_202-release-1483-b03), built by "builder" with MS VC++ 10.0 (VS2010)

time: Thu Nov 19 00:35:13 2020
timezone: 中国标准时间
elapsed time: 8563 seconds (0d 2h 22m 43s)

